C51 COMPILER V9.54   SC50X0B                                                               06/16/2016 19:33:40 PAGE 1   


C51 COMPILER V9.54, COMPILATION OF MODULE SC50X0B
OBJECT MODULE PLACED IN .\Objects\SC50X0B.obj
COMPILER INVOKED BY: D:\Keil_v5\C51\BIN\C51.EXE SC50X0B.c LARGE OPTIMIZE(8,SPEED) BROWSE INTVECTOR(0X2000) DEBUG OBJECTE
                    -XTEND PRINT(.\Listings\SC50X0B.lst) TABS(2) OBJECT(.\Objects\SC50X0B.obj)

line level    source

   1          #include "SC50X0B.h"
   2          
   3          extern void Delay_ms(unsigned int ms);
   4          extern void Delay_us(unsigned int ms);
   5          
   6          #define SC50x0BBUSY_BIT    (1<<2)
   7          #define SC50x0BOUT_BIT     (1<<5)
   8          
   9          #define SC50x0B_OUT        P4
  10          #define SC50x0B_IN         P4
  11          
  12          #define SC50x0B_OUT_H   SC50x0B_OUT |= SC50x0BOUT_BIT
  13          #define SC50x0B_OUT_L   SC50x0B_OUT &= ~SC50x0BOUT_BIT
  14          
  15          /*经示波器卡时间得出，采用默认时钟频率，如果不同，则时间需调整。*/
  16          /*
  17          **Delay_ms(400);//600us
  18          **Delay_ms(3);//3ms
  19          **Delay_ms(150);//200us
  20          */
  21          /*
  22          void Delay_ms(unsigned char num)
  23          {
  24            unsigned char i=0;
  25            int j=0;
  26            for(i=0;i<num;i++)
  27            {
  28              for(j=0;j<2100;j++)
  29            {
  30               
  31            }
  32            }
  33          }
  34          
  35          void Delay_ms(int num)
  36          {
  37            unsigned int i=0;
  38            int j=0;
  39            for(i=0;i<num;i++)
  40            {
  41              for(j=0;j<1;j++)
  42            {
  43               
  44            }
  45            }
  46          }
  47          */
  48          //语音IC输出一个字节  类似单总线3：1
  49          unsigned char SC50x0B_Out(unsigned char segdata)
  50          {
  51   1          unsigned char i;
  52   1          
  53   1           SC50x0B_OUT_L;
  54   1           Delay_ms(3);          //3ms
C51 COMPILER V9.54   SC50X0B                                                               06/16/2016 19:33:40 PAGE 2   

  55   1           for(i=0;i < 8;i++)
  56   1           {
  57   2              SC50x0B_OUT_H; 
  58   2              if(segdata & 0x01)
  59   2              {
  60   3                 Delay_us(600);      //600us
  61   3                 SC50x0B_OUT_L;
  62   3                 Delay_us(200);      //200us
  63   3              }
  64   2              else
  65   2              {
  66   3                 Delay_us(200);      //200us
  67   3                 SC50x0B_OUT_L;
  68   3                 Delay_us(600);      //600us
  69   3              }
  70   2              segdata >>= 1;
  71   2           }
  72   1            SC50x0B_OUT_H;
  73   1            return 1;
  74   1      }
  75          
  76          
  77          //语音芯片查忙，检查当前是否播放完毕,busy返回1否则返回0
  78          unsigned char SC50x0B_Busy(void)
  79          {
  80   1        if(SC50x0B_IN & SC50x0BBUSY_BIT)
  81   1          return  0;
  82   1        else 
  83   1          return 1;
  84   1      }


MODULE INFORMATION:   STATIC OVERLAYABLE
   CODE SIZE        =     97    ----
   CONSTANT SIZE    =   ----    ----
   XDATA SIZE       =   ----       2
   PDATA SIZE       =   ----    ----
   DATA SIZE        =   ----    ----
   IDATA SIZE       =   ----    ----
   BIT SIZE         =   ----    ----
END OF MODULE INFORMATION.


C51 COMPILATION COMPLETE.  0 WARNING(S),  0 ERROR(S)
