C51 COMPILER V9.54   INIT                                                                  06/14/2016 11:04:00 PAGE 1   


C51 COMPILER V9.54, COMPILATION OF MODULE INIT
OBJECT MODULE PLACED IN .\Objects\init.obj
COMPILER INVOKED BY: D:\Keil_v5\C51\BIN\C51.EXE init.c LARGE OPTIMIZE(8,SPEED) BROWSE INTVECTOR(0X2000) DEBUG OBJECTEXTE
                    -ND PRINT(.\Listings\init.lst) TABS(2) OBJECT(.\Objects\init.obj)

line level    source

   1          #include"init.h"
   2          #include "flashfunction.h"
   3          
   4          
   5          extern unsigned char System_ID[6];
   6          
   7          /****************************************************/
   8          /* 外部中断的初始化                         */
   9          /* 程序功能：外部中断初始化，                       */
  10          /* 入口参数:无                    */
  11          /* 出口参数:无                    */
  12          /****************************************************/
  13          void INT_Init(void)
  14          {
  15   1      INT0=1;
  16   1      IT0 = 0;                    //设置INT0的中断类型 (1:仅下降沿 0:上升沿和下降沿)
  17   1      EX0 = 1;                    //使能INT0中断
  18   1      }
  19          
  20          
  21          
  22          /***************************************************/
  23          /*函数名称：IO_Init                                */
  24          /*功    能：单片机IO端口模式初始化                 */
  25          /*入口参数：无                                     */
  26          /*返 回 值：无                                     */ 
  27          /*备    注：STC15W4K32S4系列A版单片机部分端口复位后*/
  28          /*          不是准双向口,需要设置才能正常使用      */
  29          /***************************************************/
  30          void IO_Init(void)
  31          {
  32   1      //将P04 P05 P06 P07设置为开漏口
  33   1      //因为单片机为5V端口，W25Q64为3.3V端口，为了实现电平匹配
  34   1      //将单片机设置为开漏结构，由外部上拉到3.3V。
  35   1      //  P4M1 |= BIT0; /*P4.0初始化为输入*/
  36   1      //  P4M0 &= ~(BIT0);
  37   1      P4M0 |= (1<<0);
  38   1      P4M1 &= ~(1<<0);                                      //P40初始化为输出
  39   1      P4M0 &= ~(1<<3);
  40   1      P4M1 &= ~(1<<3);
  41   1      P4M0 &= ~(1<<4);
  42   1      P4M1 &= ~(1<<4);                                      //继电器端口初始化
  43   1      //P0M1 |= (1<<4) | (1<<5) | (1<<6) | (1<<7) ;           //FLASH端口初始化
  44   1      //P0M0 |= (1<<4) | (1<<5) | (1<<6) | (1<<7) ;
  45   1      P4M1 |= (1<<0) | (1<<1) | (1<<2) | (1<<3) ;           //FLASH端口初始化
  46   1      P4M0 |= (1<<0) | (1<<1) | (1<<2) | (1<<3) ;
  47   1      P2M1 = 0xff;
  48   1      P2M0 = 0x00;                      //初始化P2为输入
  49   1      P3M1 &= ~(1<<3);                  //STB  P33初始化为输出
  50   1      P3M0 |= (1<<3);
  51   1      P3M1 &= ~(1<<7);                  //  P37初始化为输出  蓝牙回复出厂设置引脚
  52   1      P3M0 |= (1<<7);
  53   1      P0M1 &= ~(1<<7);                  //  P07初始化为输出  蓝牙复位引脚
  54   1      P0M0 |= (1<<7);
C51 COMPILER V9.54   INIT                                                                  06/14/2016 11:04:00 PAGE 2   

  55   1      P1M1 &= ~(1<<4);                  //REQ  P14初始化为输出
  56   1      P1M0 |= (1<<4); 
  57   1      P1M1 &= ~(1<<5);                  //BUSYSTE  P15初始化为输出
  58   1      P1M0 |= (1<<5);
  59   1      P1M1 |= (1<<2);
  60   1      P1M0 &= ~(1<<2);                  //CHACK初始化为输入
  61   1      P1M1 |= (1<<3);
  62   1      P1M0 &= ~(1<<3);                  //CHKREQ初始化为输入
  63   1      REQ = 0;                          //REQ默认没有请求数据
  64   1      BUSYSTE = 0;                      //BUSYSTE默认不忙
  65   1      Door1_Ctl_0=0;Door1_Ctl_1=0;
  66   1      }
  67          
  68          
  69          
  70          /****************************************************/
  71          /* 定时器0的初始化                          */
  72          /* 程序功能：初始化定时器0，每隔10ms产生一次中断    */
  73          /* 入口参数:无                    */
  74          /* 出口参数:无                    */
  75          /****************************************************/
  76          void Timer0Init(void)   //10毫秒@22.1184MHz
  77          {
  78   1        AUXR &= 0x7F;   //定时器时钟12T模式
  79   1        TMOD &= 0xF0;   //设置定时器模式
  80   1        TL0 = 0x00;   //设置定时初值
  81   1        TH0 = 0xB8;   //设置定时初值
  82   1        TF0 = 0;    //清除TF0标志
  83   1        TR0 = 1;    //定时器0开始计时
  84   1        ET0=1; /*打开定时器中断*/
  85   1      }
  86          
  87          /*****************************************/
  88          /* 串口1、4初始化                          */
  89          /* 程序功能：串口1、4初始化                */
  90          /* 入口参数:无                           */
  91          /* 出口参数:无                           */
  92          /*****************************************/
  93          void init_Uart(void)
  94          {
  95   1      P_SW2 &= ~S4_S0;            //S4_S0=0 (P0.2/RxD4, P0.3/TxD4)
  96   1      P_SW2 |=(0x01);             /*设置串口2工作在P4.6和P4.7*/
  97   1      ACC = P_SW1;
  98   1      ACC &= ~(S1_S0 | S1_S1);    //S1_S0=0 S1_S1=0
  99   1      P_SW1 = ACC;                //(P3.0/RxD, P3.1/TxD)
 100   1      SCON = 0x50;                //1010000
 101   1      S2CON = 0x50;               //8位可变波特率
 102   1      S3CON = 0x10;
 103   1      S4CON = 0x10;               //00001010
 104   1      T2L = (65536 - (FOSC/4/BAUD));   //设置波特率重装值
 105   1      T2H = (65536 - (FOSC/4/BAUD))>>8;
 106   1      AUXR = 0x14;                //T2为1T模式, 并启动定时器2 10100
 107   1      AUXR |= 0x01;               //选择定时器2为串口1的波特率发生器
 108   1      ES = 1;                     //使能串口1中断
 109   1      IE2 = 0x19;                 //使能串口3,4中断
 110   1      }
 111          
 112          
 113          
 114          
 115          
 116          void System_SetParaInit(void){
C51 COMPILER V9.54   INIT                                                                  06/14/2016 11:04:00 PAGE 3   

 117   1        unsigned char i,TempBuffer[6];
 118   1        //读取系统编号
 119   1         FLASH_W25Q64_Read(TempBuffer,System_SetParaAddr, sizeof(System_ID));//读入缓冲区
 120   1      //   SBUF = 0x91;while(!(SCON&0x02));SCON &= ~0x02;
 121   1      //    for(i=0;i<6;i++){
 122   1      //   SBUF = TempBuffer[i];while(!(SCON&0x02));SCON &= ~0x02;
 123   1      //  }
 124   1          if(TempBuffer[0] == 0xff){
 125   2          ;
 126   2          }else{
 127   2          for(i=0;i<sizeof(System_ID);i++){
 128   3          System_ID[i] = TempBuffer[i];
 129   3          }
 130   2          }
 131   1      }
 132          
 133          
 134          
 135          
 136          
 137          
 138          


MODULE INFORMATION:   STATIC OVERLAYABLE
   CODE SIZE        =    214    ----
   CONSTANT SIZE    =   ----    ----
   XDATA SIZE       =   ----       6
   PDATA SIZE       =   ----    ----
   DATA SIZE        =   ----    ----
   IDATA SIZE       =   ----    ----
   BIT SIZE         =   ----    ----
END OF MODULE INFORMATION.


C51 COMPILATION COMPLETE.  0 WARNING(S),  0 ERROR(S)
